<?xml version="1.0" encoding="UTF-8"?>
<!-- Generated by org.testng.reporters.JUnitXMLReporter -->
<testsuite hostname="USLMAGVIJAYARA1" ignored="0" name="Default test" tests="3" failures="0" timestamp="26 Apr 2018 13:48:33 GMT" time="0.044" errors="0">
  <testcase name="dataprov" time="0.006" classname="testngfiles.Annotation1"/>
  <testcase name="dataprov" time="0.002" classname="testngfiles.Annotation1"/>
  <testcase name="dataprov" time="0.002" classname="testngfiles.Annotation1"/>
</testsuite> <!-- Default test -->
