<?xml version="1.0" encoding="UTF-8"?>
<!-- Generated by org.testng.reporters.JUnitXMLReporter -->
<testsuite hostname="USLMAGVIJAYARA1" ignored="1" name="Smoke Test" tests="8" failures="0" timestamp="06 Mar 2018 17:57:23 GMT" time="9.373" errors="0">
  <testcase name="fbtest" time="9.234" classname="Suite1.firstcodetng"/>
  <testcase name="dataprov" time="0.016" classname="testngfiles.Annotation1"/>
  <testcase name="dataprov" time="0.005" classname="testngfiles.Annotation1"/>
  <testcase name="dataprov" time="0.005" classname="testngfiles.Annotation1"/>
  <testcase name="Openbrowser" time="0.002" classname="testngfiles.Annotations"/>
  <testcase name="prior2" time="0.001" classname="testngfiles.Annotations"/>
  <testcase name="prior1" time="0.004" classname="testngfiles.Annotations"/>
  <testcase name="Closebrowser" time="0.001" classname="testngfiles.Annotations"/>
  <testcase name="skip" time="0.0" classname="testngfiles.Annotations">
    <ignored/>
  </testcase> <!-- skip -->
</testsuite> <!-- Smoke Test -->
