<?xml version="1.0" encoding="UTF-8"?>
<testng-results skipped="0" failed="0" ignored="0" total="3" passed="3">
  <reporter-output>
  </reporter-output>
  <suite name="Default suite" duration-ms="44" started-at="2018-04-26T13:48:32Z" finished-at="2018-04-26T13:48:32Z">
    <groups>
    </groups>
    <test name="Default test" duration-ms="44" started-at="2018-04-26T13:48:32Z" finished-at="2018-04-26T13:48:32Z">
      <class name="testngfiles.Annotation1">
        <test-method status="PASS" signature="Beforesuite()[pri:0, instance:testngfiles.Annotation1@42e26948]" name="Beforesuite" is-config="true" duration-ms="11" started-at="2018-04-26T09:48:32Z" finished-at="2018-04-26T09:48:32Z">
          <reporter-output>
          </reporter-output>
        </test-method> <!-- Beforesuite -->
        <test-method status="PASS" signature="dataprov(java.lang.String, java.lang.String, java.lang.String)[pri:0, instance:testngfiles.Annotation1@42e26948]" name="dataprov" duration-ms="6" started-at="2018-04-26T09:48:32Z" data-provider="getData" finished-at="2018-04-26T09:48:32Z">
          <params>
            <param index="0">
              <value>
                <![CDATA[Gopi]]>
              </value>
            </param>
            <param index="1">
              <value>
                <![CDATA[Test]]>
              </value>
            </param>
            <param index="2">
              <value>
                <![CDATA[idq]]>
              </value>
            </param>
          </params>
          <reporter-output>
          </reporter-output>
        </test-method> <!-- dataprov -->
        <test-method status="PASS" signature="dataprov(java.lang.String, java.lang.String, java.lang.String)[pri:0, instance:testngfiles.Annotation1@42e26948]" name="dataprov" duration-ms="2" started-at="2018-04-26T09:48:32Z" data-provider="getData" finished-at="2018-04-26T09:48:32Z">
          <params>
            <param index="0">
              <value>
                <![CDATA[Gopi1]]>
              </value>
            </param>
            <param index="1">
              <value>
                <![CDATA[Test1]]>
              </value>
            </param>
            <param index="2">
              <value>
                <![CDATA[idq1]]>
              </value>
            </param>
          </params>
          <reporter-output>
          </reporter-output>
        </test-method> <!-- dataprov -->
        <test-method status="PASS" signature="dataprov(java.lang.String, java.lang.String, java.lang.String)[pri:0, instance:testngfiles.Annotation1@42e26948]" name="dataprov" duration-ms="2" started-at="2018-04-26T09:48:32Z" data-provider="getData" finished-at="2018-04-26T09:48:32Z">
          <params>
            <param index="0">
              <value>
                <![CDATA[Gopi2]]>
              </value>
            </param>
            <param index="1">
              <value>
                <![CDATA[Test2]]>
              </value>
            </param>
            <param index="2">
              <value>
                <![CDATA[idq2]]>
              </value>
            </param>
          </params>
          <reporter-output>
          </reporter-output>
        </test-method> <!-- dataprov -->
        <test-method status="PASS" signature="Aftersuite()[pri:0, instance:testngfiles.Annotation1@42e26948]" name="Aftersuite" is-config="true" duration-ms="0" started-at="2018-04-26T09:48:33Z" finished-at="2018-04-26T09:48:33Z">
          <reporter-output>
          </reporter-output>
        </test-method> <!-- Aftersuite -->
      </class> <!-- testngfiles.Annotation1 -->
    </test> <!-- Default test -->
  </suite> <!-- Default suite -->
</testng-results>
